# JRE version: Java(TM) SE Runtime Environment (7.0_79-b15) (build 1.7.0_79-b15)
# Java VM: Java HotSpot(TM) 64-Bit Server VM (24.79-b02 mixed mode linux-amd64 compressed oops)
Heap
 PSYoungGen      total 28160K, used 14201K [0x00000000e1680000, 0x00000000e4a80000, 0x0000000100000000)
  eden space 24576K, 43% used [0x00000000e1680000,0x00000000e20e6578,0x00000000e2e80000)
  from space 3584K, 99% used [0x00000000e2e80000,0x00000000e31f8010,0x00000000e3200000)
  to   space 3584K, 0% used [0x00000000e4700000,0x00000000e4700000,0x00000000e4a80000)
 ParOldGen       total 62464K, used 8973K [0x00000000a4400000, 0x00000000a8100000, 0x00000000e1680000)
  object space 62464K, 14% used [0x00000000a4400000,0x00000000a4cc36a0,0x00000000a8100000)
 PSPermGen       total 22016K, used 21554K [0x000000009f200000, 0x00000000a0780000, 0x00000000a4400000)
  object space 22016K, 97% used [0x000000009f200000,0x00000000a070cb38,0x00000000a0780000)
GC Heap History (6 events):
Event: 2,899 GC heap before
{Heap before GC invocations=1 (full 0):
 PSYoungGen      total 28160K, used 24576K [0x00000000e1680000, 0x00000000e3580000, 0x0000000100000000)
  eden space 24576K, 100% used [0x00000000e1680000,0x00000000e2e80000,0x00000000e2e80000)
  from space 3584K, 0% used [0x00000000e3200000,0x00000000e3200000,0x00000000e3580000)
  to   space 3584K, 0% used [0x00000000e2e80000,0x00000000e2e80000,0x00000000e3200000)
 ParOldGen       total 62464K, used 0K [0x00000000a4400000, 0x00000000a8100000, 0x00000000e1680000)
  object space 62464K, 0% used [0x00000000a4400000,0x00000000a4400000,0x00000000a8100000)
 PSPermGen       total 21504K, used 19543K [0x000000009f200000, 0x00000000a0700000, 0x00000000a4400000)
  object space 21504K, 90% used [0x000000009f200000,0x00000000a0515ed8,0x00000000a0700000)
Event: 2,942 GC heap after
Heap after GC invocations=1 (full 0):
 PSYoungGen      total 28160K, used 3555K [0x00000000e1680000, 0x00000000e4d80000, 0x0000000100000000)
  eden space 24576K, 0% used [0x00000000e1680000,0x00000000e1680000,0x00000000e2e80000)
  from space 3584K, 99% used [0x00000000e2e80000,0x00000000e31f8ca8,0x00000000e3200000)
  to   space 3584K, 0% used [0x00000000e4a00000,0x00000000e4a00000,0x00000000e4d80000)
 ParOldGen       total 62464K, used 2713K [0x00000000a4400000, 0x00000000a8100000, 0x00000000e1680000)
  object space 62464K, 4% used [0x00000000a4400000,0x00000000a46a67f0,0x00000000a8100000)
 PSPermGen       total 21504K, used 19543K [0x000000009f200000, 0x00000000a0700000, 0x00000000a4400000)
  object space 21504K, 90% used [0x000000009f200000,0x00000000a0515ed8,0x00000000a0700000)
}
Event: 37,218 GC heap before
{Heap before GC invocations=2 (full 0):
 PSYoungGen      total 28160K, used 28131K [0x00000000e1680000, 0x00000000e4d80000, 0x0000000100000000)
  eden space 24576K, 100% used [0x00000000e1680000,0x00000000e2e80000,0x00000000e2e80000)
  from space 3584K, 99% used [0x00000000e2e80000,0x00000000e31f8ca8,0x00000000e3200000)
  to   space 3584K, 0% used [0x00000000e4a00000,0x00000000e4a00000,0x00000000e4d80000)
 ParOldGen       total 62464K, used 2713K [0x00000000a4400000, 0x00000000a8100000, 0x00000000e1680000)
  object space 62464K, 4% used [0x00000000a4400000,0x00000000a46a67f0,0x00000000a8100000)
 PSPermGen       total 21504K, used 20481K [0x000000009f200000, 0x00000000a0700000, 0x00000000a4400000)
  object space 21504K, 95% used [0x000000009f200000,0x00000000a0600438,0x00000000a0700000)
Event: 37,233 GC heap after
Heap after GC invocations=2 (full 0):
 PSYoungGen      total 28160K, used 3569K [0x00000000e1680000, 0x00000000e4d80000, 0x0000000100000000)
  eden space 24576K, 0% used [0x00000000e1680000,0x00000000e1680000,0x00000000e2e80000)
  from space 3584K, 99% used [0x00000000e4a00000,0x00000000e4d7c468,0x00000000e4d80000)
  to   space 3584K, 0% used [0x00000000e2e80000,0x00000000e2e80000,0x00000000e3200000)
 ParOldGen       total 62464K, used 3486K [0x00000000a4400000, 0x00000000a8100000, 0x00000000e1680000)
  object space 62464K, 5% used [0x00000000a4400000,0x00000000a4767990,0x00000000a8100000)
 PSPermGen       total 21504K, used 20481K [0x000000009f200000, 0x00000000a0700000, 0x00000000a4400000)
  object space 21504K, 95% used [0x000000009f200000,0x00000000a0600438,0x00000000a0700000)
}
Event: 58,707 GC heap before
{Heap before GC invocations=3 (full 0):
 PSYoungGen      total 28160K, used 28145K [0x00000000e1680000, 0x00000000e4d80000, 0x0000000100000000)
  eden space 24576K, 100% used [0x00000000e1680000,0x00000000e2e80000,0x00000000e2e80000)
  from space 3584K, 99% used [0x00000000e4a00000,0x00000000e4d7c468,0x00000000e4d80000)
  to   space 3584K, 0% used [0x00000000e2e80000,0x00000000e2e80000,0x00000000e3200000)
 ParOldGen       total 62464K, used 3486K [0x00000000a4400000, 0x00000000a8100000, 0x00000000e1680000)
  object space 62464K, 5% used [0x00000000a4400000,0x00000000a4767990,0x00000000a8100000)
 PSPermGen       total 21504K, used 21143K [0x000000009f200000, 0x00000000a0700000, 0x00000000a4400000)
  object space 21504K, 98% used [0x000000009f200000,0x00000000a06a5d80,0x00000000a0700000)
Event: 58,722 GC heap after
Heap after GC invocations=3 (full 0):
 PSYoungGen      total 28160K, used 3552K [0x00000000e1680000, 0x00000000e4a80000, 0x0000000100000000)
  eden space 24576K, 0% used [0x00000000e1680000,0x00000000e1680000,0x00000000e2e80000)
  from space 3584K, 99% used [0x00000000e2e80000,0x00000000e31f8010,0x00000000e3200000)
  to   space 3584K, 0% used [0x00000000e4700000,0x00000000e4700000,0x00000000e4a80000)
 ParOldGen       total 62464K, used 8973K [0x00000000a4400000, 0x00000000a8100000, 0x00000000e1680000)
  object space 62464K, 14% used [0x00000000a4400000,0x00000000a4cc36a0,0x00000000a8100000)
 PSPermGen       total 21504K, used 21143K [0x000000009f200000, 0x00000000a0700000, 0x00000000a4400000)
  object space 21504K, 98% used [0x000000009f200000,0x00000000a06a5d80,0x00000000a0700000)
}

